INFO - 2024-04-03 09:06:46 --> Session: Class initialized using 'CodeIgniter\Session\Handlers\FileHandler' driver.
INFO - 2024-04-03 09:06:48 --> Session: Class initialized using 'CodeIgniter\Session\Handlers\FileHandler' driver.
CRITICAL - 2024-04-03 09:06:48 --> ErrorException: Undefined variable: affectedRows
in APPPATH\Modules\Writers\Controllers\Writer.php on line 77.
 1 APPPATH\Modules\Writers\Controllers\Writer.php(77): CodeIgniter\Debug\Exceptions->errorHandler(8, 'Undefined variable: affectedRows', 'D:\\xampp\\htdocs\\codepros\\app\\Modules\\Writers\\Controllers\\Writer.php', 77, [...])
 2 SYSTEMPATH\CodeIgniter.php(941): App\Modules\Writers\Controllers\Writer->submit_profile()
 3 SYSTEMPATH\CodeIgniter.php(502): CodeIgniter\CodeIgniter->runController(Object(App\Modules\Writers\Controllers\Writer))
 4 SYSTEMPATH\CodeIgniter.php(361): CodeIgniter\CodeIgniter->handleRequest(null, Object(Config\Cache), false)
 5 FCPATH\index.php(79): CodeIgniter\CodeIgniter->run()
INFO - 2024-04-03 09:07:29 --> Session: Class initialized using 'CodeIgniter\Session\Handlers\FileHandler' driver.
CRITICAL - 2024-04-03 09:07:29 --> ErrorException: Undefined variable: affectedRows
in APPPATH\Modules\Writers\Controllers\Writer.php on line 77.
 1 APPPATH\Modules\Writers\Controllers\Writer.php(77): CodeIgniter\Debug\Exceptions->errorHandler(8, 'Undefined variable: affectedRows', 'D:\\xampp\\htdocs\\codepros\\app\\Modules\\Writers\\Controllers\\Writer.php', 77, [...])
 2 SYSTEMPATH\CodeIgniter.php(941): App\Modules\Writers\Controllers\Writer->submit_profile()
 3 SYSTEMPATH\CodeIgniter.php(502): CodeIgniter\CodeIgniter->runController(Object(App\Modules\Writers\Controllers\Writer))
 4 SYSTEMPATH\CodeIgniter.php(361): CodeIgniter\CodeIgniter->handleRequest(null, Object(Config\Cache), false)
 5 FCPATH\index.php(79): CodeIgniter\CodeIgniter->run()
INFO - 2024-04-03 09:07:44 --> Session: Class initialized using 'CodeIgniter\Session\Handlers\FileHandler' driver.
CRITICAL - 2024-04-03 09:07:44 --> ErrorException: Undefined variable: affectedRows
in APPPATH\Modules\Writers\Controllers\Writer.php on line 77.
 1 APPPATH\Modules\Writers\Controllers\Writer.php(77): CodeIgniter\Debug\Exceptions->errorHandler(8, 'Undefined variable: affectedRows', 'D:\\xampp\\htdocs\\codepros\\app\\Modules\\Writers\\Controllers\\Writer.php', 77, [...])
 2 SYSTEMPATH\CodeIgniter.php(941): App\Modules\Writers\Controllers\Writer->submit_profile()
 3 SYSTEMPATH\CodeIgniter.php(502): CodeIgniter\CodeIgniter->runController(Object(App\Modules\Writers\Controllers\Writer))
 4 SYSTEMPATH\CodeIgniter.php(361): CodeIgniter\CodeIgniter->handleRequest(null, Object(Config\Cache), false)
 5 FCPATH\index.php(79): CodeIgniter\CodeIgniter->run()
INFO - 2024-04-03 09:08:36 --> Session: Class initialized using 'CodeIgniter\Session\Handlers\FileHandler' driver.
CRITICAL - 2024-04-03 09:08:36 --> ErrorException: Undefined variable: affectedRows
in APPPATH\Modules\Writers\Controllers\Writer.php on line 77.
 1 APPPATH\Modules\Writers\Controllers\Writer.php(77): CodeIgniter\Debug\Exceptions->errorHandler(8, 'Undefined variable: affectedRows', 'D:\\xampp\\htdocs\\codepros\\app\\Modules\\Writers\\Controllers\\Writer.php', 77, [...])
 2 SYSTEMPATH\CodeIgniter.php(941): App\Modules\Writers\Controllers\Writer->submit_profile()
 3 SYSTEMPATH\CodeIgniter.php(502): CodeIgniter\CodeIgniter->runController(Object(App\Modules\Writers\Controllers\Writer))
 4 SYSTEMPATH\CodeIgniter.php(361): CodeIgniter\CodeIgniter->handleRequest(null, Object(Config\Cache), false)
 5 FCPATH\index.php(79): CodeIgniter\CodeIgniter->run()
INFO - 2024-04-03 09:09:23 --> Session: Class initialized using 'CodeIgniter\Session\Handlers\FileHandler' driver.
INFO - 2024-04-03 09:09:23 --> Session: Class initialized using 'CodeIgniter\Session\Handlers\FileHandler' driver.
INFO - 2024-04-03 09:10:18 --> Session: Class initialized using 'CodeIgniter\Session\Handlers\FileHandler' driver.
INFO - 2024-04-03 09:10:18 --> Session: Class initialized using 'CodeIgniter\Session\Handlers\FileHandler' driver.
INFO - 2024-04-03 09:10:21 --> Session: Class initialized using 'CodeIgniter\Session\Handlers\FileHandler' driver.
INFO - 2024-04-03 09:10:22 --> Session: Class initialized using 'CodeIgniter\Session\Handlers\FileHandler' driver.
INFO - 2024-04-03 09:10:47 --> Session: Class initialized using 'CodeIgniter\Session\Handlers\FileHandler' driver.
INFO - 2024-04-03 09:10:47 --> Session: Class initialized using 'CodeIgniter\Session\Handlers\FileHandler' driver.
INFO - 2024-04-03 09:10:48 --> Session: Class initialized using 'CodeIgniter\Session\Handlers\FileHandler' driver.
INFO - 2024-04-03 09:11:55 --> Session: Class initialized using 'CodeIgniter\Session\Handlers\FileHandler' driver.
INFO - 2024-04-03 09:11:56 --> Session: Class initialized using 'CodeIgniter\Session\Handlers\FileHandler' driver.
INFO - 2024-04-03 10:35:28 --> Session: Class initialized using 'CodeIgniter\Session\Handlers\FileHandler' driver.
INFO - 2024-04-03 10:35:28 --> Session: Class initialized using 'CodeIgniter\Session\Handlers\FileHandler' driver.
