CRITICAL - 2024-03-10 14:44:18 --> Error: Call to undefined function CodeIgniter\Shield\Authentication\Authenticators\setting()
in FCPATH\vendor\codeigniter4\shield\src\Authentication\Authenticators\Session.php on line 685.
 1 FCPATH\vendor\codeigniter4\shield\src\Authentication\Authenticators\Session.php(703): CodeIgniter\Shield\Authentication\Authenticators\Session->getSessionUserInfo()
 2 FCPATH\vendor\codeigniter4\shield\src\Authentication\Authenticators\Session.php(390): CodeIgniter\Shield\Authentication\Authenticators\Session->getSessionKey('id')
 3 FCPATH\vendor\codeigniter4\shield\src\Authentication\Authenticators\Session.php(374): CodeIgniter\Shield\Authentication\Authenticators\Session->checkUserState()
 4 FCPATH\vendor\codeigniter4\shield\src\Auth.php(191): CodeIgniter\Shield\Authentication\Authenticators\Session->loggedIn()
 5 FCPATH\vendor\codeigniter4\shield\src\Collectors\Auth.php(76): CodeIgniter\Shield\Auth->__call('loggedIn', [])
 6 SYSTEMPATH\Debug\Toolbar\Collectors\BaseCollector.php(226): CodeIgniter\Shield\Collectors\Auth->display()
 7 SYSTEMPATH\Debug\Toolbar.php(93): CodeIgniter\Debug\Toolbar\Collectors\BaseCollector->getAsArray()
 8 SYSTEMPATH\Debug\Toolbar.php(370): CodeIgniter\Debug\Toolbar->run(1710071057.726461, 0.7259, Object(CodeIgniter\HTTP\IncomingRequest), Object(CodeIgniter\HTTP\Response))
 9 SYSTEMPATH\Filters\DebugToolbar.php(42): CodeIgniter\Debug\Toolbar->prepare(Object(CodeIgniter\HTTP\IncomingRequest), Object(CodeIgniter\HTTP\Response))
10 SYSTEMPATH\Filters\Filters.php(211): CodeIgniter\Filters\DebugToolbar->after(Object(CodeIgniter\HTTP\IncomingRequest), Object(CodeIgniter\HTTP\Response), null)
11 SYSTEMPATH\CodeIgniter.php(522): CodeIgniter\Filters\Filters->run('', 'after')
12 SYSTEMPATH\CodeIgniter.php(361): CodeIgniter\CodeIgniter->handleRequest(null, Object(Config\Cache), false)
13 FCPATH\index.php(79): CodeIgniter\CodeIgniter->run()
INFO - 2024-03-10 14:47:31 --> Session: Class initialized using 'CodeIgniter\Session\Handlers\FileHandler' driver.
INFO - 2024-03-10 14:47:32 --> Session: Class initialized using 'CodeIgniter\Session\Handlers\FileHandler' driver.
INFO - 2024-03-10 14:48:41 --> Session: Class initialized using 'CodeIgniter\Session\Handlers\FileHandler' driver.
INFO - 2024-03-10 14:48:41 --> Session: Class initialized using 'CodeIgniter\Session\Handlers\FileHandler' driver.
INFO - 2024-03-10 14:48:49 --> Session: Class initialized using 'CodeIgniter\Session\Handlers\FileHandler' driver.
INFO - 2024-03-10 14:48:49 --> Session: Class initialized using 'CodeIgniter\Session\Handlers\FileHandler' driver.
