CRITICAL - 2024-04-26 21:17:21 --> Error: Class 'Locale' not found
in SYSTEMPATH\CodeIgniter.php on line 218.
 1 FCPATH\index.php(67): CodeIgniter\CodeIgniter->initialize()
CRITICAL - 2024-04-26 21:17:22 --> Error: Class 'Locale' not found
in SYSTEMPATH\CodeIgniter.php on line 218.
 1 FCPATH\index.php(67): CodeIgniter\CodeIgniter->initialize()
CRITICAL - 2024-04-26 21:17:24 --> ErrorException: Uncaught Error: Class 'Locale' not found in E:\xampp\htdocs\codepros\vendor\codeigniter4\framework\system\Helpers\number_helper.php:137
Stack trace:
#0 E:\xampp\htdocs\codepros\vendor\codeigniter4\framework\system\Helpers\number_helper.php(56): format_number(6, 2, NULL, Array)
#1 E:\xampp\htdocs\codepros\vendor\codeigniter4\framework\system\Debug\BaseExceptionHandler.php(152): number_to_size(6, 2)
#2 E:\xampp\htdocs\codepros\app\Views\errors\html\error_exception.php(384): CodeIgniter\Debug\BaseExceptionHandler::describeMemory(6291456)
#3 E:\xampp\htdocs\codepros\vendor\codeigniter4\framework\system\Debug\BaseExceptionHandler.php(258): include('E:\\xampp\\htdocs...')
#4 E:\xampp\htdocs\codepros\vendor\codeigniter4\framework\system\Debug\BaseExceptionHandler.php(261): CodeIgniter\Debug\BaseExceptionHandler->CodeIgniter\Debug\{closure}()
#5 E:\xampp\htdocs\codepros\vendor\codeigniter4\framework\system\Debug\ExceptionHandler.php(112): CodeIgniter\Debug\BaseExceptionHandler->render(Object(Error), 500, 'E:\\xampp\\
【Previous Exception】
Error
Class 'Locale' not found
#0 E:\xampp\htdocs\codepros\index.php(67): CodeIgniter\CodeIgniter->initialize()
#1 {main}
in SYSTEMPATH\Helpers\number_helper.php on line 137.
 1 [internal function]: CodeIgniter\Debug\Exceptions->shutdownHandler()
CRITICAL - 2024-04-26 21:17:24 --> ErrorException: Uncaught Error: Class 'Locale' not found in E:\xampp\htdocs\codepros\vendor\codeigniter4\framework\system\Helpers\number_helper.php:137
Stack trace:
#0 E:\xampp\htdocs\codepros\vendor\codeigniter4\framework\system\Helpers\number_helper.php(56): format_number(6, 2, NULL, Array)
#1 E:\xampp\htdocs\codepros\vendor\codeigniter4\framework\system\Debug\BaseExceptionHandler.php(152): number_to_size(6, 2)
#2 E:\xampp\htdocs\codepros\app\Views\errors\html\error_exception.php(384): CodeIgniter\Debug\BaseExceptionHandler::describeMemory(6291456)
#3 E:\xampp\htdocs\codepros\vendor\codeigniter4\framework\system\Debug\BaseExceptionHandler.php(258): include('E:\\xampp\\htdocs...')
#4 E:\xampp\htdocs\codepros\vendor\codeigniter4\framework\system\Debug\BaseExceptionHandler.php(261): CodeIgniter\Debug\BaseExceptionHandler->CodeIgniter\Debug\{closure}()
#5 E:\xampp\htdocs\codepros\vendor\codeigniter4\framework\system\Debug\ExceptionHandler.php(112): CodeIgniter\Debug\BaseExceptionHandler->render(Object(Error), 500, 'E:\\xampp\\
【Previous Exception】
Error
Class 'Locale' not found
#0 E:\xampp\htdocs\codepros\index.php(67): CodeIgniter\CodeIgniter->initialize()
#1 {main}
in SYSTEMPATH\Helpers\number_helper.php on line 137.
 1 [internal function]: CodeIgniter\Debug\Exceptions->shutdownHandler()
ERROR - 2024-04-26 22:21:53 --> Error connecting to the database: mysqli_sql_exception: Unknown database 'codepros' in E:\xampp\htdocs\codepros\vendor\codeigniter4\framework\system\Database\MySQLi\Connection.php:185
Stack trace:
#0 E:\xampp\htdocs\codepros\vendor\codeigniter4\framework\system\Database\MySQLi\Connection.php(185): mysqli->real_connect('localhost', 'root', '', 'codepros', 3306, '', 0)
#1 E:\xampp\htdocs\codepros\vendor\codeigniter4\framework\system\Database\BaseConnection.php(392): CodeIgniter\Database\MySQLi\Connection->connect(false)
#2 E:\xampp\htdocs\codepros\vendor\codeigniter4\framework\system\Database\BaseConnection.php(575): CodeIgniter\Database\BaseConnection->initialize()
#3 E:\xampp\htdocs\codepros\vendor\codeigniter4\framework\system\Database\BaseBuilder.php(1616): CodeIgniter\Database\BaseConnection->query('SELECT *\nFROM `...', Array, false)
#4 E:\xampp\htdocs\codepros\vendor\codeigniter4\settings\src\Handlers\DatabaseHandler.php(186): CodeIgniter\Database\BaseBuilder->get()
#5 E:\xampp\htdocs\codepros\vendor\codeigniter4\settings\src\Handlers\DatabaseHandler.php(51): CodeIgniter\Settings\Handlers\DatabaseHandler->hydrate(NULL)
#6 E:\xampp\htdocs\codepros\vendor\codeigniter4\settings\src\Settings.php(59): CodeIgniter\Settings\Handlers\DatabaseHandler->has('Config\\Auth', 'sessionConfig', NULL)
#7 E:\xampp\htdocs\codepros\vendor\codeigniter4\settings\src\Helpers\setting_helper.php(25): CodeIgniter\Settings\Settings->get('Auth.sessionCon...')
#8 E:\xampp\htdocs\codepros\vendor\codeigniter4\shield\src\Authentication\Authenticators\Session.php(685): setting('Auth.sessionCon...')
#9 E:\xampp\htdocs\codepros\vendor\codeigniter4\shield\src\Authentication\Authenticators\Session.php(703): CodeIgniter\Shield\Authentication\Authenticators\Session->getSessionUserInfo()
#10 E:\xampp\htdocs\codepros\vendor\codeigniter4\shield\src\Authentication\Authenticators\Session.php(390): CodeIgniter\Shield\Authentication\Authenticators\Session->getSessionKey('id')
#11 E:\xampp\htdocs\codepros\vendor\codeigniter4\shield\src\Authentication\Authenticators\Session.php(374): CodeIgniter\Shield\Authentication\Authenticators\Session->checkUserState()
#12 E:\xampp\htdocs\codepros\vendor\codeigniter4\shield\src\Auth.php(191): CodeIgniter\Shield\Authentication\Authenticators\Session->loggedIn()
#13 E:\xampp\htdocs\codepros\vendor\codeigniter4\shield\src\Collectors\Auth.php(76): CodeIgniter\Shield\Auth->__call('loggedIn', Array)
#14 E:\xampp\htdocs\codepros\vendor\codeigniter4\framework\system\Debug\Toolbar\Collectors\BaseCollector.php(226): CodeIgniter\Shield\Collectors\Auth->display()
#15 E:\xampp\htdocs\codepros\vendor\codeigniter4\framework\system\Debug\Toolbar.php(93): CodeIgniter\Debug\Toolbar\Collectors\BaseCollector->getAsArray()
#16 E:\xampp\htdocs\codepros\vendor\codeigniter4\framework\system\Debug\Toolbar.php(370): CodeIgniter\Debug\Toolbar->run(1714159309.9677, 2.2236, Object(CodeIgniter\HTTP\IncomingRequest), Object(CodeIgniter\HTTP\Response))
#17 E:\xampp\htdocs\codepros\vendor\codeigniter4\framework\system\Filters\DebugToolbar.php(42): CodeIgniter\Debug\Toolbar->prepare(Object(CodeIgniter\HTTP\IncomingRequest), Object(CodeIgniter\HTTP\Response))
#18 E:\xampp\htdocs\codepros\vendor\codeigniter4\framework\system\Filters\Filters.php(211): CodeIgniter\Filters\DebugToolbar->after(Object(CodeIgniter\HTTP\IncomingRequest), Object(CodeIgniter\HTTP\Response), NULL)
#19 E:\xampp\htdocs\codepros\vendor\codeigniter4\framework\system\CodeIgniter.php(522): CodeIgniter\Filters\Filters->run('', 'after')
#20 E:\xampp\htdocs\codepros\vendor\codeigniter4\framework\system\CodeIgniter.php(361): CodeIgniter\CodeIgniter->handleRequest(NULL, Object(Config\Cache), false)
#21 E:\xampp\htdocs\codepros\index.php(79): CodeIgniter\CodeIgniter->run()
#22 {main}

Next CodeIgniter\Database\Exceptions\DatabaseException: Unknown database 'codepros' in E:\xampp\htdocs\codepros\vendor\codeigniter4\framework\system\Database\MySQLi\Connection.php:229
Stack trace:
#0 E:\xampp\htdocs\codepros\vendor\codeigniter4\framework\system\Database\BaseConnection.php(392): CodeIgniter\Database\MySQLi\Connection->connect(false)
#1 E:\xampp\htdocs\codepros\vendor\codeigniter4\framework\system\Database\BaseConnection.php(575): CodeIgniter\Database\BaseConnection->initialize()
#2 E:\xampp\htdocs\codepros\vendor\codeigniter4\framework\system\Database\BaseBuilder.php(1616): CodeIgniter\Database\BaseConnection->query('SELECT *\nFROM `...', Array, false)
#3 E:\xampp\htdocs\codepros\vendor\codeigniter4\settings\src\Handlers\DatabaseHandler.php(186): CodeIgniter\Database\BaseBuilder->get()
#4 E:\xampp\htdocs\codepros\vendor\codeigniter4\settings\src\Handlers\DatabaseHandler.php(51): CodeIgniter\Settings\Handlers\DatabaseHandler->hydrate(NULL)
#5 E:\xampp\htdocs\codepros\vendor\codeigniter4\settings\src\Settings.php(59): CodeIgniter\Settings\Handlers\DatabaseHandler->has('Config\\Auth', 'sessionConfig', NULL)
#6 E:\xampp\htdocs\codepros\vendor\codeigniter4\settings\src\Helpers\setting_helper.php(25): CodeIgniter\Settings\Settings->get('Auth.sessionCon...')
#7 E:\xampp\htdocs\codepros\vendor\codeigniter4\shield\src\Authentication\Authenticators\Session.php(685): setting('Auth.sessionCon...')
#8 E:\xampp\htdocs\codepros\vendor\codeigniter4\shield\src\Authentication\Authenticators\Session.php(703): CodeIgniter\Shield\Authentication\Authenticators\Session->getSessionUserInfo()
#9 E:\xampp\htdocs\codepros\vendor\codeigniter4\shield\src\Authentication\Authenticators\Session.php(390): CodeIgniter\Shield\Authentication\Authenticators\Session->getSessionKey('id')
#10 E:\xampp\htdocs\codepros\vendor\codeigniter4\shield\src\Authentication\Authenticators\Session.php(374): CodeIgniter\Shield\Authentication\Authenticators\Session->checkUserState()
#11 E:\xampp\htdocs\codepros\vendor\codeigniter4\shield\src\Auth.php(191): CodeIgniter\Shield\Authentication\Authenticators\Session->loggedIn()
#12 E:\xampp\htdocs\codepros\vendor\codeigniter4\shield\src\Collectors\Auth.php(76): CodeIgniter\Shield\Auth->__call('loggedIn', Array)
#13 E:\xampp\htdocs\codepros\vendor\codeigniter4\framework\system\Debug\Toolbar\Collectors\BaseCollector.php(226): CodeIgniter\Shield\Collectors\Auth->display()
#14 E:\xampp\htdocs\codepros\vendor\codeigniter4\framework\system\Debug\Toolbar.php(93): CodeIgniter\Debug\Toolbar\Collectors\BaseCollector->getAsArray()
#15 E:\xampp\htdocs\codepros\vendor\codeigniter4\framework\system\Debug\Toolbar.php(370): CodeIgniter\Debug\Toolbar->run(1714159309.9677, 2.2236, Object(CodeIgniter\HTTP\IncomingRequest), Object(CodeIgniter\HTTP\Response))
#16 E:\xampp\htdocs\codepros\vendor\codeigniter4\framework\system\Filters\DebugToolbar.php(42): CodeIgniter\Debug\Toolbar->prepare(Object(CodeIgniter\HTTP\IncomingRequest), Object(CodeIgniter\HTTP\Response))
#17 E:\xampp\htdocs\codepros\vendor\codeigniter4\framework\system\Filters\Filters.php(211): CodeIgniter\Filters\DebugToolbar->after(Object(CodeIgniter\HTTP\IncomingRequest), Object(CodeIgniter\HTTP\Response), NULL)
#18 E:\xampp\htdocs\codepros\vendor\codeigniter4\framework\system\CodeIgniter.php(522): CodeIgniter\Filters\Filters->run('', 'after')
#19 E:\xampp\htdocs\codepros\vendor\codeigniter4\framework\system\CodeIgniter.php(361): CodeIgniter\CodeIgniter->handleRequest(NULL, Object(Config\Cache), false)
#20 E:\xampp\htdocs\codepros\index.php(79): CodeIgniter\CodeIgniter->run()
#21 {main}
CRITICAL - 2024-04-26 22:21:53 --> CodeIgniter\Database\Exceptions\DatabaseException: Unable to connect to the database.
Main connection [MySQLi]: Unknown database 'codepros'
in SYSTEMPATH\Database\BaseConnection.php on line 428.
 1 SYSTEMPATH\Database\BaseConnection.php(575): CodeIgniter\Database\BaseConnection->initialize()
 2 SYSTEMPATH\Database\BaseBuilder.php(1616): CodeIgniter\Database\BaseConnection->query('SELECT *
FROM `settings`
WHERE `context` IS NULL', [], false)
 3 FCPATH\vendor\codeigniter4\settings\src\Handlers\DatabaseHandler.php(186): CodeIgniter\Database\BaseBuilder->get()
 4 FCPATH\vendor\codeigniter4\settings\src\Handlers\DatabaseHandler.php(51): CodeIgniter\Settings\Handlers\DatabaseHandler->hydrate(null)
 5 FCPATH\vendor\codeigniter4\settings\src\Settings.php(59): CodeIgniter\Settings\Handlers\DatabaseHandler->has('Config\\Auth', 'sessionConfig', null)
 6 FCPATH\vendor\codeigniter4\settings\src\Helpers\setting_helper.php(25): CodeIgniter\Settings\Settings->get('Auth.sessionConfig')
 7 FCPATH\vendor\codeigniter4\shield\src\Authentication\Authenticators\Session.php(685): setting('Auth.sessionConfig')
 8 FCPATH\vendor\codeigniter4\shield\src\Authentication\Authenticators\Session.php(703): CodeIgniter\Shield\Authentication\Authenticators\Session->getSessionUserInfo()
 9 FCPATH\vendor\codeigniter4\shield\src\Authentication\Authenticators\Session.php(390): CodeIgniter\Shield\Authentication\Authenticators\Session->getSessionKey('id')
10 FCPATH\vendor\codeigniter4\shield\src\Authentication\Authenticators\Session.php(374): CodeIgniter\Shield\Authentication\Authenticators\Session->checkUserState()
11 FCPATH\vendor\codeigniter4\shield\src\Auth.php(191): CodeIgniter\Shield\Authentication\Authenticators\Session->loggedIn()
12 FCPATH\vendor\codeigniter4\shield\src\Collectors\Auth.php(76): CodeIgniter\Shield\Auth->__call('loggedIn', [])
13 SYSTEMPATH\Debug\Toolbar\Collectors\BaseCollector.php(226): CodeIgniter\Shield\Collectors\Auth->display()
14 SYSTEMPATH\Debug\Toolbar.php(93): CodeIgniter\Debug\Toolbar\Collectors\BaseCollector->getAsArray()
15 SYSTEMPATH\Debug\Toolbar.php(370): CodeIgniter\Debug\Toolbar->run(1714159309.967736, 2.2236, Object(CodeIgniter\HTTP\IncomingRequest), Object(CodeIgniter\HTTP\Response))
16 SYSTEMPATH\Filters\DebugToolbar.php(42): CodeIgniter\Debug\Toolbar->prepare(Object(CodeIgniter\HTTP\IncomingRequest), Object(CodeIgniter\HTTP\Response))
17 SYSTEMPATH\Filters\Filters.php(211): CodeIgniter\Filters\DebugToolbar->after(Object(CodeIgniter\HTTP\IncomingRequest), Object(CodeIgniter\HTTP\Response), null)
18 SYSTEMPATH\CodeIgniter.php(522): CodeIgniter\Filters\Filters->run('', 'after')
19 SYSTEMPATH\CodeIgniter.php(361): CodeIgniter\CodeIgniter->handleRequest(null, Object(Config\Cache), false)
20 FCPATH\index.php(79): CodeIgniter\CodeIgniter->run()
INFO - 2024-04-26 22:29:25 --> Session: Class initialized using 'CodeIgniter\Session\Handlers\FileHandler' driver.
INFO - 2024-04-26 22:29:44 --> Session: Class initialized using 'CodeIgniter\Session\Handlers\FileHandler' driver.
INFO - 2024-04-26 22:30:06 --> Session: Class initialized using 'CodeIgniter\Session\Handlers\FileHandler' driver.
INFO - 2024-04-26 22:30:07 --> Session: Class initialized using 'CodeIgniter\Session\Handlers\FileHandler' driver.
INFO - 2024-04-26 22:30:51 --> Session: Class initialized using 'CodeIgniter\Session\Handlers\FileHandler' driver.
INFO - 2024-04-26 22:30:52 --> Session: Class initialized using 'CodeIgniter\Session\Handlers\FileHandler' driver.
INFO - 2024-04-26 22:30:54 --> Session: Class initialized using 'CodeIgniter\Session\Handlers\FileHandler' driver.
INFO - 2024-04-26 22:30:54 --> Session: Class initialized using 'CodeIgniter\Session\Handlers\FileHandler' driver.
