CRITICAL - 2024-03-15 07:44:22 --> Error: Class 'Locale' not found
in SYSTEMPATH\CodeIgniter.php on line 218.
 1 FCPATH\index.php(67): CodeIgniter\CodeIgniter->initialize()
CRITICAL - 2024-03-15 07:44:23 --> ErrorException: Uncaught Error: Class 'Locale' not found in C:\xampp\htdocs\codepros\vendor\codeigniter4\framework\system\Helpers\number_helper.php:137
Stack trace:
#0 C:\xampp\htdocs\codepros\vendor\codeigniter4\framework\system\Helpers\number_helper.php(56): format_number(6, 2, NULL, Array)
#1 C:\xampp\htdocs\codepros\vendor\codeigniter4\framework\system\Debug\BaseExceptionHandler.php(152): number_to_size(6, 2)
#2 C:\xampp\htdocs\codepros\app\Views\errors\html\error_exception.php(384): CodeIgniter\Debug\BaseExceptionHandler::describeMemory(6291456)
#3 C:\xampp\htdocs\codepros\vendor\codeigniter4\framework\system\Debug\BaseExceptionHandler.php(258): include('C:\\xampp\\htdocs...')
#4 C:\xampp\htdocs\codepros\vendor\codeigniter4\framework\system\Debug\BaseExceptionHandler.php(261): CodeIgniter\Debug\BaseExceptionHandler->CodeIgniter\Debug\{closure}()
#5 C:\xampp\htdocs\codepros\vendor\codeigniter4\framework\system\Debug\ExceptionHandler.php(112): CodeIgniter\Debug\BaseExceptionHandler->render(Object(Error), 500, 'C:\\xampp\\
【Previous Exception】
Error
Class 'Locale' not found
#0 C:\xampp\htdocs\codepros\index.php(67): CodeIgniter\CodeIgniter->initialize()
#1 {main}
in SYSTEMPATH\Helpers\number_helper.php on line 137.
 1 [internal function]: CodeIgniter\Debug\Exceptions->shutdownHandler()
CRITICAL - 2024-03-15 17:41:03 --> Error: Class 'Locale' not found
in SYSTEMPATH\CodeIgniter.php on line 218.
 1 FCPATH\index.php(67): CodeIgniter\CodeIgniter->initialize()
CRITICAL - 2024-03-15 17:41:06 --> ErrorException: Uncaught Error: Class 'Locale' not found in D:\xampp\htdocs\codepros\vendor\codeigniter4\framework\system\Helpers\number_helper.php:137
Stack trace:
#0 D:\xampp\htdocs\codepros\vendor\codeigniter4\framework\system\Helpers\number_helper.php(56): format_number(6, 2, NULL, Array)
#1 D:\xampp\htdocs\codepros\vendor\codeigniter4\framework\system\Debug\BaseExceptionHandler.php(152): number_to_size(6, 2)
#2 D:\xampp\htdocs\codepros\app\Views\errors\html\error_exception.php(384): CodeIgniter\Debug\BaseExceptionHandler::describeMemory(6291456)
#3 D:\xampp\htdocs\codepros\vendor\codeigniter4\framework\system\Debug\BaseExceptionHandler.php(258): include('D:\\xampp\\htdocs...')
#4 D:\xampp\htdocs\codepros\vendor\codeigniter4\framework\system\Debug\BaseExceptionHandler.php(261): CodeIgniter\Debug\BaseExceptionHandler->CodeIgniter\Debug\{closure}()
#5 D:\xampp\htdocs\codepros\vendor\codeigniter4\framework\system\Debug\ExceptionHandler.php(112): CodeIgniter\Debug\BaseExceptionHandler->render(Object(Error), 500, 'D:\\xampp\\
【Previous Exception】
Error
Class 'Locale' not found
#0 D:\xampp\htdocs\codepros\index.php(67): CodeIgniter\CodeIgniter->initialize()
#1 {main}
in SYSTEMPATH\Helpers\number_helper.php on line 137.
 1 [internal function]: CodeIgniter\Debug\Exceptions->shutdownHandler()
CRITICAL - 2024-03-15 17:46:02 --> Error: Class 'Locale' not found
in SYSTEMPATH\CodeIgniter.php on line 218.
 1 FCPATH\index.php(67): CodeIgniter\CodeIgniter->initialize()
CRITICAL - 2024-03-15 17:46:03 --> ErrorException: Uncaught Error: Class 'Locale' not found in D:\xampp\htdocs\codepros\vendor\codeigniter4\framework\system\Helpers\number_helper.php:137
Stack trace:
#0 D:\xampp\htdocs\codepros\vendor\codeigniter4\framework\system\Helpers\number_helper.php(56): format_number(6, 2, NULL, Array)
#1 D:\xampp\htdocs\codepros\vendor\codeigniter4\framework\system\Debug\BaseExceptionHandler.php(152): number_to_size(6, 2)
#2 D:\xampp\htdocs\codepros\app\Views\errors\html\error_exception.php(384): CodeIgniter\Debug\BaseExceptionHandler::describeMemory(6291456)
#3 D:\xampp\htdocs\codepros\vendor\codeigniter4\framework\system\Debug\BaseExceptionHandler.php(258): include('D:\\xampp\\htdocs...')
#4 D:\xampp\htdocs\codepros\vendor\codeigniter4\framework\system\Debug\BaseExceptionHandler.php(261): CodeIgniter\Debug\BaseExceptionHandler->CodeIgniter\Debug\{closure}()
#5 D:\xampp\htdocs\codepros\vendor\codeigniter4\framework\system\Debug\ExceptionHandler.php(112): CodeIgniter\Debug\BaseExceptionHandler->render(Object(Error), 500, 'D:\\xampp\\
【Previous Exception】
Error
Class 'Locale' not found
#0 D:\xampp\htdocs\codepros\index.php(67): CodeIgniter\CodeIgniter->initialize()
#1 {main}
in SYSTEMPATH\Helpers\number_helper.php on line 137.
 1 [internal function]: CodeIgniter\Debug\Exceptions->shutdownHandler()
CRITICAL - 2024-03-15 17:58:05 --> Error: Class 'Locale' not found
in SYSTEMPATH\CodeIgniter.php on line 218.
 1 FCPATH\index.php(67): CodeIgniter\CodeIgniter->initialize()
CRITICAL - 2024-03-15 17:58:05 --> ErrorException: Uncaught Error: Class 'Locale' not found in D:\xampp\htdocs\codepros\vendor\codeigniter4\framework\system\Helpers\number_helper.php:137
Stack trace:
#0 D:\xampp\htdocs\codepros\vendor\codeigniter4\framework\system\Helpers\number_helper.php(56): format_number(6, 2, NULL, Array)
#1 D:\xampp\htdocs\codepros\vendor\codeigniter4\framework\system\Debug\BaseExceptionHandler.php(152): number_to_size(6, 2)
#2 D:\xampp\htdocs\codepros\app\Views\errors\html\error_exception.php(384): CodeIgniter\Debug\BaseExceptionHandler::describeMemory(6291456)
#3 D:\xampp\htdocs\codepros\vendor\codeigniter4\framework\system\Debug\BaseExceptionHandler.php(258): include('D:\\xampp\\htdocs...')
#4 D:\xampp\htdocs\codepros\vendor\codeigniter4\framework\system\Debug\BaseExceptionHandler.php(261): CodeIgniter\Debug\BaseExceptionHandler->CodeIgniter\Debug\{closure}()
#5 D:\xampp\htdocs\codepros\vendor\codeigniter4\framework\system\Debug\ExceptionHandler.php(112): CodeIgniter\Debug\BaseExceptionHandler->render(Object(Error), 500, 'D:\\xampp\\
【Previous Exception】
Error
Class 'Locale' not found
#0 D:\xampp\htdocs\codepros\index.php(67): CodeIgniter\CodeIgniter->initialize()
#1 {main}
in SYSTEMPATH\Helpers\number_helper.php on line 137.
 1 [internal function]: CodeIgniter\Debug\Exceptions->shutdownHandler()
INFO - 2024-03-15 20:03:57 --> Session: Class initialized using 'CodeIgniter\Session\Handlers\FileHandler' driver.
INFO - 2024-03-15 20:03:59 --> Session: Class initialized using 'CodeIgniter\Session\Handlers\FileHandler' driver.
INFO - 2024-03-15 20:04:37 --> Session: Class initialized using 'CodeIgniter\Session\Handlers\FileHandler' driver.
INFO - 2024-03-15 20:04:38 --> Session: Class initialized using 'CodeIgniter\Session\Handlers\FileHandler' driver.
INFO - 2024-03-15 20:04:51 --> Session: Class initialized using 'CodeIgniter\Session\Handlers\FileHandler' driver.
INFO - 2024-03-15 20:04:51 --> Session: Class initialized using 'CodeIgniter\Session\Handlers\FileHandler' driver.
INFO - 2024-03-15 20:04:56 --> Session: Class initialized using 'CodeIgniter\Session\Handlers\FileHandler' driver.
INFO - 2024-03-15 20:04:56 --> Session: Class initialized using 'CodeIgniter\Session\Handlers\FileHandler' driver.
