INFO - 2024-04-29 10:48:05 --> Session: Class initialized using 'CodeIgniter\Session\Handlers\FileHandler' driver.
INFO - 2024-04-29 10:48:11 --> Session: Class initialized using 'CodeIgniter\Session\Handlers\FileHandler' driver.
INFO - 2024-04-29 10:48:36 --> Session: Class initialized using 'CodeIgniter\Session\Handlers\FileHandler' driver.
INFO - 2024-04-29 10:48:37 --> Session: Class initialized using 'CodeIgniter\Session\Handlers\FileHandler' driver.
INFO - 2024-04-29 10:48:38 --> Session: Class initialized using 'CodeIgniter\Session\Handlers\FileHandler' driver.
INFO - 2024-04-29 10:48:44 --> Session: Class initialized using 'CodeIgniter\Session\Handlers\FileHandler' driver.
INFO - 2024-04-29 10:48:44 --> Session: Class initialized using 'CodeIgniter\Session\Handlers\FileHandler' driver.
INFO - 2024-04-29 10:48:45 --> Session: Class initialized using 'CodeIgniter\Session\Handlers\FileHandler' driver.
INFO - 2024-04-29 10:48:54 --> Session: Class initialized using 'CodeIgniter\Session\Handlers\FileHandler' driver.
INFO - 2024-04-29 10:48:55 --> Session: Class initialized using 'CodeIgniter\Session\Handlers\FileHandler' driver.
INFO - 2024-04-29 10:51:09 --> Session: Class initialized using 'CodeIgniter\Session\Handlers\FileHandler' driver.
INFO - 2024-04-29 10:51:10 --> Session: Class initialized using 'CodeIgniter\Session\Handlers\FileHandler' driver.
INFO - 2024-04-29 10:51:33 --> Session: Class initialized using 'CodeIgniter\Session\Handlers\FileHandler' driver.
INFO - 2024-04-29 10:51:33 --> Session: Class initialized using 'CodeIgniter\Session\Handlers\FileHandler' driver.
INFO - 2024-04-29 10:51:34 --> Session: Class initialized using 'CodeIgniter\Session\Handlers\FileHandler' driver.
INFO - 2024-04-29 10:51:48 --> Session: Class initialized using 'CodeIgniter\Session\Handlers\FileHandler' driver.
INFO - 2024-04-29 10:51:48 --> Session: Class initialized using 'CodeIgniter\Session\Handlers\FileHandler' driver.
INFO - 2024-04-29 10:51:54 --> Session: Class initialized using 'CodeIgniter\Session\Handlers\FileHandler' driver.
INFO - 2024-04-29 10:52:51 --> Session: Class initialized using 'CodeIgniter\Session\Handlers\FileHandler' driver.
INFO - 2024-04-29 10:52:53 --> Session: Class initialized using 'CodeIgniter\Session\Handlers\FileHandler' driver.
INFO - 2024-04-29 10:52:59 --> Session: Class initialized using 'CodeIgniter\Session\Handlers\FileHandler' driver.
INFO - 2024-04-29 10:53:00 --> Session: Class initialized using 'CodeIgniter\Session\Handlers\FileHandler' driver.
INFO - 2024-04-29 10:53:07 --> Session: Class initialized using 'CodeIgniter\Session\Handlers\FileHandler' driver.
INFO - 2024-04-29 10:53:08 --> Session: Class initialized using 'CodeIgniter\Session\Handlers\FileHandler' driver.
INFO - 2024-04-29 10:53:25 --> Session: Class initialized using 'CodeIgniter\Session\Handlers\FileHandler' driver.
INFO - 2024-04-29 10:53:26 --> Session: Class initialized using 'CodeIgniter\Session\Handlers\FileHandler' driver.
CRITICAL - 2024-04-29 12:18:52 --> TypeError: Argument 1 passed to CodeIgniter\CLI\CLI::color() must be of the type string, array given, called in E:\xampp\htdocs\codepros\app\Commands\MakeModule.php on line 23
in SYSTEMPATH\CLI\CLI.php on line 594.
 1 APPPATH\Commands\MakeModule.php(23): CodeIgniter\CLI\CLI::color([...], 'yellow')
 2 SYSTEMPATH\CLI\Commands.php(65): App\Commands\MakeModule->run([...])
 3 SYSTEMPATH\CLI\Console.php(46): CodeIgniter\CLI\Commands->run('make:module', [...])
 4 ROOTPATH\spark(102): CodeIgniter\CLI\Console->run()
CRITICAL - 2024-04-29 12:21:59 --> TypeError: Argument 1 passed to CodeIgniter\CLI\CLI::color() must be of the type string, array given, called in E:\xampp\htdocs\codepros\app\Commands\MakeModule.php on line 23
in SYSTEMPATH\CLI\CLI.php on line 594.
 1 APPPATH\Commands\MakeModule.php(23): CodeIgniter\CLI\CLI::color([...], 'yellow')
 2 SYSTEMPATH\CLI\Commands.php(65): App\Commands\MakeModule->run([...])
 3 SYSTEMPATH\CLI\Console.php(46): CodeIgniter\CLI\Commands->run('make:module', [...])
 4 ROOTPATH\spark(102): CodeIgniter\CLI\Console->run()
CRITICAL - 2024-04-29 12:23:30 --> TypeError: Argument 1 passed to CodeIgniter\CLI\CLI::print() must be of the type string, array given, called in E:\xampp\htdocs\codepros\app\Commands\MakeModule.php on line 24
in SYSTEMPATH\CLI\CLI.php on line 449.
 1 APPPATH\Commands\MakeModule.php(24): CodeIgniter\CLI\CLI::print([...])
 2 SYSTEMPATH\CLI\Commands.php(65): App\Commands\MakeModule->run([...])
 3 SYSTEMPATH\CLI\Console.php(46): CodeIgniter\CLI\Commands->run('make:module', [...])
 4 ROOTPATH\spark(102): CodeIgniter\CLI\Console->run()
INFO - 2024-04-29 12:25:36 --> Session: Class initialized using 'CodeIgniter\Session\Handlers\FileHandler' driver.
INFO - 2024-04-29 12:25:54 --> Session: Class initialized using 'CodeIgniter\Session\Handlers\FileHandler' driver.
CRITICAL - 2024-04-29 12:37:46 --> ErrorException: Undefined offset: 0
in APPPATH\Commands\MakeModule.php on line 27.
 1 APPPATH\Commands\MakeModule.php(27): CodeIgniter\Debug\Exceptions->errorHandler(8, 'Undefined offset: 0', 'E:\\xampp\\htdocs\\codepros\\app\\Commands\\MakeModule.php', 27, [...])
 2 SYSTEMPATH\CLI\Commands.php(65): App\Commands\MakeModule->run([])
 3 SYSTEMPATH\CLI\Console.php(46): CodeIgniter\CLI\Commands->run('make:module', [])
 4 ROOTPATH\spark(102): CodeIgniter\CLI\Console->run()
DEBUG - 2024-04-29 12:58:53 --> Session: Initialization under CLI aborted.
CRITICAL - 2024-04-29 12:58:54 --> ErrorException: Trying to get property 'id' of non-object
in APPPATH\Commands\MakeModule.php on line 104.
 1 APPPATH\Commands\MakeModule.php(104): CodeIgniter\Debug\Exceptions->errorHandler(8, 'Trying to get property \'id\' of non-object', 'E:\\xampp\\htdocs\\codepros\\app\\Commands\\MakeModule.php', 104, [...])
 2 APPPATH\Commands\MakeModule.php(26): App\Commands\MakeModule->update_modules()
 3 SYSTEMPATH\CLI\Commands.php(65): App\Commands\MakeModule->run([...])
 4 SYSTEMPATH\CLI\Console.php(46): CodeIgniter\CLI\Commands->run('make:module', [...])
 5 ROOTPATH\spark(102): CodeIgniter\CLI\Console->run()
INFO - 2024-04-29 13:28:25 --> Session: Class initialized using 'CodeIgniter\Session\Handlers\FileHandler' driver.
INFO - 2024-04-29 13:28:40 --> Session: Class initialized using 'CodeIgniter\Session\Handlers\FileHandler' driver.
INFO - 2024-04-29 14:44:29 --> Session: Class initialized using 'CodeIgniter\Session\Handlers\FileHandler' driver.
INFO - 2024-04-29 14:45:11 --> Session: Class initialized using 'CodeIgniter\Session\Handlers\FileHandler' driver.
INFO - 2024-04-29 15:05:15 --> Session: Class initialized using 'CodeIgniter\Session\Handlers\FileHandler' driver.
INFO - 2024-04-29 15:05:25 --> Session: Class initialized using 'CodeIgniter\Session\Handlers\FileHandler' driver.
CRITICAL - 2024-04-29 15:34:07 --> Error: Call to undefined method CodeIgniter\Database\MySQLi\Forge::addFields()
in APPPATH\Commands\MakeModule.php on line 135.
 1 APPPATH\Commands\MakeModule.php(74): App\Commands\MakeModule->create_module_table('Payments')
 2 APPPATH\Commands\MakeModule.php(42): App\Commands\MakeModule->module_directories('Payments')
 3 SYSTEMPATH\CLI\Commands.php(65): App\Commands\MakeModule->run([])
 4 SYSTEMPATH\CLI\Console.php(46): CodeIgniter\CLI\Commands->run('make:module', [])
 5 ROOTPATH\spark(102): CodeIgniter\CLI\Console->run()
CRITICAL - 2024-04-29 15:39:02 --> InvalidArgumentException: Field information is required for that operation.
in SYSTEMPATH\Database\Forge.php on line 372.
 1 APPPATH\Commands\MakeModule.php(136): CodeIgniter\Database\Forge->addField('name', [...])
 2 APPPATH\Commands\MakeModule.php(74): App\Commands\MakeModule->create_module_table('Payments')
 3 APPPATH\Commands\MakeModule.php(42): App\Commands\MakeModule->module_directories('Payments')
 4 SYSTEMPATH\CLI\Commands.php(65): App\Commands\MakeModule->run([...])
 5 SYSTEMPATH\CLI\Console.php(46): CodeIgniter\CLI\Commands->run('make:module', [...])
 6 ROOTPATH\spark(102): CodeIgniter\CLI\Console->run()
CRITICAL - 2024-04-29 15:47:50 --> InvalidArgumentException: Field information is required for that operation.
in SYSTEMPATH\Database\Forge.php on line 372.
 1 APPPATH\Commands\MakeModule.php(174): CodeIgniter\Database\Forge->addField('name', [...])
 2 APPPATH\Commands\MakeModule.php(74): App\Commands\MakeModule->create_module_table('Payments')
 3 APPPATH\Commands\MakeModule.php(42): App\Commands\MakeModule->module_directories('Payments')
 4 SYSTEMPATH\CLI\Commands.php(65): App\Commands\MakeModule->run([...])
 5 SYSTEMPATH\CLI\Console.php(46): CodeIgniter\CLI\Commands->run('make:module', [...])
 6 ROOTPATH\spark(102): CodeIgniter\CLI\Console->run()
INFO - 2024-04-29 20:27:31 --> Session: Class initialized using 'CodeIgniter\Session\Handlers\FileHandler' driver.
INFO - 2024-04-29 20:27:35 --> Session: Class initialized using 'CodeIgniter\Session\Handlers\FileHandler' driver.
INFO - 2024-04-29 20:28:51 --> Session: Class initialized using 'CodeIgniter\Session\Handlers\FileHandler' driver.
INFO - 2024-04-29 20:28:51 --> Session: Class initialized using 'CodeIgniter\Session\Handlers\FileHandler' driver.
INFO - 2024-04-29 20:28:51 --> Session: Class initialized using 'CodeIgniter\Session\Handlers\FileHandler' driver.
INFO - 2024-04-29 20:28:52 --> Session: Class initialized using 'CodeIgniter\Session\Handlers\FileHandler' driver.
INFO - 2024-04-29 20:29:01 --> Session: Class initialized using 'CodeIgniter\Session\Handlers\FileHandler' driver.
INFO - 2024-04-29 20:29:02 --> Session: Class initialized using 'CodeIgniter\Session\Handlers\FileHandler' driver.
INFO - 2024-04-29 20:29:05 --> Session: Class initialized using 'CodeIgniter\Session\Handlers\FileHandler' driver.
INFO - 2024-04-29 21:51:58 --> Session: Class initialized using 'CodeIgniter\Session\Handlers\FileHandler' driver.
INFO - 2024-04-29 21:52:14 --> Session: Class initialized using 'CodeIgniter\Session\Handlers\FileHandler' driver.
INFO - 2024-04-29 21:52:25 --> Session: Class initialized using 'CodeIgniter\Session\Handlers\FileHandler' driver.
INFO - 2024-04-29 21:52:27 --> Session: Class initialized using 'CodeIgniter\Session\Handlers\FileHandler' driver.
INFO - 2024-04-29 21:53:20 --> Session: Class initialized using 'CodeIgniter\Session\Handlers\FileHandler' driver.
INFO - 2024-04-29 21:53:22 --> Session: Class initialized using 'CodeIgniter\Session\Handlers\FileHandler' driver.
INFO - 2024-04-29 21:53:34 --> Session: Class initialized using 'CodeIgniter\Session\Handlers\FileHandler' driver.
INFO - 2024-04-29 21:53:36 --> Session: Class initialized using 'CodeIgniter\Session\Handlers\FileHandler' driver.
INFO - 2024-04-29 21:53:44 --> Session: Class initialized using 'CodeIgniter\Session\Handlers\FileHandler' driver.
INFO - 2024-04-29 21:53:45 --> Session: Class initialized using 'CodeIgniter\Session\Handlers\FileHandler' driver.
INFO - 2024-04-29 22:00:45 --> Session: Class initialized using 'CodeIgniter\Session\Handlers\FileHandler' driver.
INFO - 2024-04-29 22:00:46 --> Session: Class initialized using 'CodeIgniter\Session\Handlers\FileHandler' driver.
